[31muser 1/1:  3075617789 |stage 0| nicewebrl.utils - INFO - {'message': 'Ping 8609'}
[0m[31muser 1/1:  3075617789 |stage 0| main - INFO - {'message': 'Ping 8609'}
[0m[31muser 1/1:  3075617789 |stage 0| main - INFO - Still loading after 0 seconds
[0m[31muser 1/1:  3075617789 |stage 0| main - INFO - Still loading after 10 seconds
[0m[31muser 1/1:  3075617789 |stage 0| main - INFO - Still loading after 10 seconds
[0m[31muser 1/1:  3075617789 |stage 0| main - INFO - Still loading after 10 seconds
[0m[31muser 1/1:  3075617789 |stage 0| main - INFO - Still loading after 10 seconds
[0m[31muser 1/1:  3075617789 |stage 0| main - INFO - Still loading after 20 seconds
[0m[31muser 1/1:  3075617789 |stage 0| main - INFO - Still loading after 20 seconds
[0m[31muser 1/1:  3075617789 |stage 0| main - INFO - Still loading after 20 seconds
[0m[31muser 1/1:  3075617789 |stage 0| main - INFO - Still loading after 20 seconds
[0m[31muser 1/1:  3075617789 |stage 0| nicewebrl.utils - INFO - {'message': 'Ping 333'}
[0m[31muser 1/1:  3075617789 |stage 0| main - INFO - {'message': 'Ping 333'}
[0m[31muser 1/1:  3075617789 |stage 0| main - INFO - Still loading after 30 seconds
[0m[31muser 1/1:  3075617789 |stage 0| main - INFO - Still loading after 30 seconds
[0m[31muser 1/1:  3075617789 |stage 0| nicewebrl.utils - INFO - {'message': 'Ping 2185'}
[0m[31muser 1/1:  3075617789 |stage 0| main - INFO - {'message': 'Ping 2185'}
[0m[31muser 1/1:  3075617789 |stage 0| main - INFO - Still loading after 30 seconds
[0m[31muser 1/1:  3075617789 |stage 0| main - INFO - Still loading after 30 seconds
[0m[31muser 1/1:  3075617789 |stage 0| nicewebrl.utils - INFO - {'message': 'Ping 1122'}
[0m[31muser 1/1:  3075617789 |stage 0| main - INFO - {'message': 'Ping 1122'}
[0m[31muser 1/1:  3075617789 |stage 0| nicewebrl.utils - INFO - {'message': 'Ping 5858'}
[0m[31muser 1/1:  3075617789 |stage 0| main - INFO - {'message': 'Ping 5858'}
[0m[31muser 1/1:  3075617789 |stage 0| main - INFO - Still loading after 40 seconds
[0m[31muser 1/1:  3075617789 |stage 0| main - INFO - Still loading after 40 seconds
[0m[31muser 1/1:  3075617789 |stage 0| main - INFO - Still loading after 40 seconds
[0m[31muser 1/1:  3075617789 |stage 0| main - INFO - Still loading after 40 seconds
[0m[31muser 1/1:  3075617789 |stage 0| main - INFO - Still loading after 50 seconds
[0m[31muser 1/1:  3075617789 |stage 0| main - INFO - Still loading after 50 seconds
[0m[31muser 1/1:  3075617789 |stage 0| main - INFO - Still loading after 50 seconds
[0m[31muser 1/1:  3075617789 |stage 0| main - INFO - Still loading after 50 seconds
[0m[31muser 1/1:  3075617789 |stage 0| main - INFO - Still loading after 60 seconds
[0m[31muser 1/1:  3075617789 |stage 0| main - INFO - Still loading after 60 seconds
[0m[31muser 1/1:  3075617789 |stage 0| main - INFO - Starting experiment
[0m[31muser 1/1:  3075617789 |stage 0| main - INFO - ==============================
[0m[31muser 1/1:  3075617789 |stage 0| main - INFO - Began stage 'Instructions'
[0m[31muser 1/1:  3075617789 |stage 0| nicewebrl.utils - INFO - {'message': 'Ping 794'}
[0m[31muser 1/1:  3075617789 |stage 0| main - INFO - {'message': 'Ping 794'}
[0m[31muser 1/1:  3075617789 |stage 0| main - INFO - Starting experiment
[0m[31muser 1/1:  3075617789 |stage 0| main - INFO - ==============================
[0m[31muser 1/1:  3075617789 |stage 0| main - INFO - Began stage 'Instructions'
[0m[31muser 1/1:  3075617789 |stage 0| main - INFO - Starting experiment
[0m[31muser 1/1:  3075617789 |stage 0| main - INFO - ==============================
[0m[31muser 1/1:  3075617789 |stage 0| main - INFO - Began stage 'Instructions'
[0m[31muser 1/1:  3075617789 |stage 0| main - INFO - Starting experiment
[0m[31muser 1/1:  3075617789 |stage 0| main - INFO - ==============================
[0m[31muser 1/1:  3075617789 |stage 0| main - INFO - Began stage 'Instructions'
[0m[31muser 1/1:  3075617789 |stage 0| nicewebrl.utils - INFO - {'message': 'Ping 1314'}
[0m[31muser 1/1:  3075617789 |stage 0| main - INFO - {'message': 'Ping 1314'}
[0m[31muser 1/1:  3075617789 |stage 0| nicewebrl.utils - INFO - {'message': 'Ping 4118'}
[0m[31muser 1/1:  3075617789 |stage 0| nicewebrl.utils - INFO - {'message': 'Ping 780'}
[0m[31muser 1/1:  3075617789 |stage 0| nicewebrl.utils - INFO - {'message': 'Ping 6969'}
[0m[31muser 1/1:  3075617789 |stage 0| main - INFO - {'message': 'Ping 4118'}
[0m[31muser 1/1:  3075617789 |stage 0| main - INFO - {'message': 'Ping 780'}
[0m[31muser 1/1:  3075617789 |stage 0| main - INFO - {'message': 'Ping 6969'}
[0m[31muser 1/1:  3075617789 |stage 0| main - INFO - Finished Instructions via button press
[0m[31muser 1/1:  3075617789 |stage 0| main - INFO - Finished stage 'Instructions'
[0m[31muser 1/1:  3075617789 |stage 1| main - INFO - ==============================
[0m[31muser 1/1:  3075617789 |stage 1| main - INFO - Began stage 'Environment'
[0m[31muser 1/1:  3075617789 |stage 1| nicewebrl.stages - INFO - ==============================
[0m[31muser 1/1:  3075617789 |stage 1| nicewebrl.stages - INFO - {'desc': 'some description', 'key1': 'value1', 'key2': 'value2', 'type': 'Stage', 'unique_id': 'stage_7aee3ef64ed149bf85199319881677b0'}
[0m[31muser 1/1:  3075617789 |stage 1| nicewebrl.stages - INFO - Getting latest stage state
[0m[31muser 1/1:  3075617789 |stage 1| nicewebrl.stages - INFO - No stage Environment state found, starting new stage
[0m[31muser 1/1:  3075617789 |stage 1| nicewebrl.stages - INFO - handle_key_press key: ArrowUp
[0m[31muser 1/1:  3075617789 |stage 1| nicegui - ERROR - module 'jax' has no attribute 'tree'
Traceback (most recent call last):
  File "/Users/wilka/miniforge3/envs/nicewebrl-examples/lib/python3.10/site-packages/nicegui/events.py", line 438, in wait_for_result
    await result
  File "/Users/wilka/git/research/nicewebrl/examples/craftax/web_app.py", line 84, in global_handle_key_press
    await stage.handle_key_press(e, container)
  File "/Users/wilka/git/research/nicewebrl/nicewebrl/stages.py", line 659, in handle_key_press
    timestep = jax.tree.map(lambda t: t[action_idx], next_timesteps)
  File "/Users/wilka/miniforge3/envs/nicewebrl-examples/lib/python3.10/site-packages/jax/_src/deprecations.py", line 53, in getattr
    raise AttributeError(f"module {module!r} has no attribute {name!r}")
AttributeError: module 'jax' has no attribute 'tree'
[0m[31muser 1/1:  3075617789 |stage 1| nicewebrl.stages - INFO - 'Environment' saved file
[0m[31muser 1/1:  3075617789 |stage 1| nicewebrl.stages - INFO - ∆t: 0.926
[0m[31muser 1/1:  3075617789 |stage 1| nicewebrl.stages - INFO - stage state: {'nsteps': 1, 'nepisodes': 1, 'nsuccesses': 0}
[0m[31muser 1/1:  3075617789 |stage 1| nicewebrl.stages - INFO - env step: 1
[0m[31muser 1/1:  3075617789 |stage 1| nicewebrl.stages - INFO - finished saving
[0m[31muser 1/1:  3075617789 |stage 1| nicewebrl.utils - INFO - {'message': 'Ping 8382'}
[0m[31muser 1/1:  3075617789 |stage 1| main - INFO - {'message': 'Ping 8382'}
[0m[31muser 1/1:  3075617789 |stage 1| nicewebrl.utils - INFO - {'message': 'Ping 1618'}
[0m[31muser 1/1:  3075617789 |stage 1| nicewebrl.utils - INFO - {'message': 'Ping 1063'}
[0m[31muser 1/1:  3075617789 |stage 1| main - INFO - {'message': 'Ping 1618'}
[0m[31muser 1/1:  3075617789 |stage 1| main - INFO - {'message': 'Ping 1063'}
[0m[31muser 1/1:  3075617789 |stage 1| nicewebrl.utils - INFO - {'message': 'Ping 4033'}
[0m[31muser 1/1:  3075617789 |stage 1| main - INFO - {'message': 'Ping 4033'}
[0m[31muser 1/1:  3075617789 |stage 1| nicewebrl.utils - INFO - {'message': 'Ping 8446'}
[0m[31muser 1/1:  3075617789 |stage 1| main - INFO - {'message': 'Ping 8446'}
[0m[31muser 1/1:  3075617789 |stage 1| nicewebrl.utils - INFO - {'message': 'Ping 3151'}
[0m[31muser 1/1:  3075617789 |stage 1| main - INFO - {'message': 'Ping 3151'}
[0m[31muser 1/1:  3075617789 |stage 1| nicewebrl.utils - INFO - {'message': 'Ping 7512'}
[0m[31muser 1/1:  3075617789 |stage 1| main - INFO - {'message': 'Ping 7512'}
[0m[31muser 1/1:  3075617789 |stage 1| nicewebrl.utils - INFO - {'message': 'Ping 801'}
[0m[31muser 1/1:  3075617789 |stage 1| nicewebrl.utils - INFO - {'message': 'Ping 8705'}
[0m[31muser 1/1:  3075617789 |stage 1| main - INFO - {'message': 'Ping 801'}
[0m[31muser 1/1:  3075617789 |stage 1| main - INFO - {'message': 'Ping 8705'}
[0m[31muser 1/1:  3075617789 |stage 1| nicewebrl.utils - ERROR - 0. Task was cancelled. Cleaning up and retrying...
[0m[31muser 1/1:  3075617789 |stage 1| nicewebrl.utils - ERROR - Error: ''
[0m[31muser 1/1:  3075617789 |stage 1| nicegui - WARNING - Client has been deleted but is still being used. This is most likely a bug in your application code. See https://github.com/zauberzeug/nicegui/issues/3028 for more information.
Stack (most recent call last):
  File "/Users/wilka/git/research/nicewebrl/examples/craftax/web_app.py", line 468, in <module>
    ui.run(
  File "/Users/wilka/miniforge3/envs/nicewebrl-examples/lib/python3.10/site-packages/nicegui/ui_run.py", line 228, in run
    Server.instance.run()
  File "/Users/wilka/miniforge3/envs/nicewebrl-examples/lib/python3.10/site-packages/nicegui/server.py", line 36, in run
    super().run(sockets=sockets)
  File "/Users/wilka/miniforge3/envs/nicewebrl-examples/lib/python3.10/site-packages/uvicorn/server.py", line 66, in run
    return asyncio.run(self.serve(sockets=sockets))
  File "/Users/wilka/miniforge3/envs/nicewebrl-examples/lib/python3.10/asyncio/runners.py", line 47, in run
    _cancel_all_tasks(loop)
  File "/Users/wilka/miniforge3/envs/nicewebrl-examples/lib/python3.10/asyncio/runners.py", line 63, in _cancel_all_tasks
    loop.run_until_complete(tasks.gather(*to_cancel, return_exceptions=True))
  File "/Users/wilka/miniforge3/envs/nicewebrl-examples/lib/python3.10/site-packages/nicegui/page.py", line 125, in wait_for_result
    return await result
  File "/Users/wilka/git/research/nicewebrl/examples/craftax/web_app.py", line 465, in index
    await start_experiment(container)
  File "/Users/wilka/git/research/nicewebrl/examples/craftax/web_app.py", line 204, in start_experiment
    await run_stage(stage, container)
  File "/Users/wilka/git/research/nicewebrl/examples/craftax/web_app.py", line 286, in run_stage
    await wait_for_button_or_keypress(button)
  File "/Users/wilka/git/research/nicewebrl/nicewebrl/utils.py", line 127, in wait_for_button_or_keypress
    keyboard.delete()
  File "/Users/wilka/miniforge3/envs/nicewebrl-examples/lib/python3.10/site-packages/nicegui/element.py", line 489, in delete
    self.parent_slot.parent.remove(self)
  File "/Users/wilka/miniforge3/envs/nicewebrl-examples/lib/python3.10/site-packages/nicegui/element.py", line 481, in remove
    self.client.remove_elements(element.descendants(include_self=True))
  File "/Users/wilka/miniforge3/envs/nicewebrl-examples/lib/python3.10/site-packages/nicegui/client.py", line 321, in remove_elements
    self.outbox.enqueue_delete(element)
  File "/Users/wilka/miniforge3/envs/nicewebrl-examples/lib/python3.10/site-packages/nicegui/outbox.py", line 56, in enqueue_delete
    self.client.check_existence()
  File "/Users/wilka/miniforge3/envs/nicewebrl-examples/lib/python3.10/site-packages/nicegui/client.py", line 342, in check_existence
    helpers.warn_once('Client has been deleted but is still being used. '
  File "/Users/wilka/miniforge3/envs/nicewebrl-examples/lib/python3.10/site-packages/nicegui/helpers.py", line 20, in warn_once
    log.warning(message, stack_info=stack_info)
[0m[31muser 1/1:  3075617789 |stage 1| nicewebrl.utils - ERROR - 0. Task was cancelled. Cleaning up and retrying...
[0m[31muser 1/1:  3075617789 |stage 1| nicewebrl.utils - ERROR - Error: ''
[0m[31muser 1/1:  3075617789 |stage 1| nicewebrl.utils - ERROR - 0. Task was cancelled. Cleaning up and retrying...
[0m[31muser 1/1:  3075617789 |stage 1| nicewebrl.utils - ERROR - Error: ''
[0m[31muser 1/1:  3075617789 |stage 1| main - INFO - Still loading after 0 seconds
[0m[31muser 1/1:  3075617789 |stage 1| main - INFO - Still loading after 0 seconds
[0m[31muser 1/1:  3075617789 |stage 1| nicewebrl.utils - INFO - {'message': 'Ping 9481'}
[0m[31muser 1/1:  3075617789 |stage 1| main - INFO - {'message': 'Ping 9481'}
[0m[31muser 1/1:  3075617789 |stage 1| main - INFO - Still loading after 10 seconds
[0m[31muser 1/1:  3075617789 |stage 1| main - INFO - Still loading after 10 seconds
[0m[31muser 1/1:  3075617789 |stage 1| main - INFO - Still loading after 20 seconds
[0m[31muser 1/1:  3075617789 |stage 1| main - INFO - Still loading after 20 seconds
[0m[31muser 1/1:  3075617789 |stage 1| nicewebrl.utils - INFO - {'message': 'Ping 6589'}
[0m[31muser 1/1:  3075617789 |stage 1| main - INFO - {'message': 'Ping 6589'}
[0m[31muser 1/1:  3075617789 |stage 1| main - INFO - Still loading after 30 seconds
[0m[31muser 1/1:  3075617789 |stage 1| main - INFO - Still loading after 30 seconds
[0m[31muser 1/1:  3075617789 |stage 1| nicewebrl.utils - INFO - {'message': 'Ping 9020'}
[0m[31muser 1/1:  3075617789 |stage 1| main - INFO - {'message': 'Ping 9020'}
[0m[31muser 1/1:  3075617789 |stage 1| main - INFO - Still loading after 40 seconds
[0m[31muser 1/1:  3075617789 |stage 1| main - INFO - Still loading after 40 seconds
[0m[31muser 1/1:  3075617789 |stage 1| main - INFO - Starting experiment
[0m[31muser 1/1:  3075617789 |stage 1| main - INFO - ==============================
[0m[31muser 1/1:  3075617789 |stage 1| main - INFO - Began stage 'Environment'
[0m[31muser 1/1:  3075617789 |stage 1| nicewebrl.stages - INFO - ==============================
[0m[31muser 1/1:  3075617789 |stage 1| nicewebrl.stages - INFO - {'desc': 'some description', 'key1': 'value1', 'key2': 'value2', 'type': 'Stage', 'unique_id': 'stage_23ab0c7e1dc643d48ef15449551570be'}
[0m[31muser 1/1:  3075617789 |stage 1| nicewebrl.stages - INFO - Getting latest stage state
[0m[31muser 1/1:  3075617789 |stage 1| nicewebrl.stages - INFO - Loading stage Environment state from memory
[0m[31muser 1/1:  3075617789 |stage 1| main - INFO - Still loading after 50 seconds
[0m[31muser 1/1:  3075617789 |stage 1| main - INFO - Starting experiment
[0m[31muser 1/1:  3075617789 |stage 1| main - INFO - ==============================
[0m[31muser 1/1:  3075617789 |stage 1| main - INFO - Began stage 'Environment'
[0m[31muser 1/1:  3075617789 |stage 1| nicewebrl.stages - INFO - ==============================
[0m[31muser 1/1:  3075617789 |stage 1| nicewebrl.stages - INFO - {'desc': 'some description', 'key1': 'value1', 'key2': 'value2', 'type': 'Stage', 'unique_id': 'stage_23ab0c7e1dc643d48ef15449551570be'}
[0m[31muser 1/1:  3075617789 |stage 1| nicewebrl.stages - INFO - Getting latest stage state
[0m[31muser 1/1:  3075617789 |stage 1| nicewebrl.stages - INFO - Loading stage Environment state from memory
[0m[31muser 1/1:  3075617789 |stage 1| nicewebrl.utils - INFO - {'message': 'Ping 536'}
[0m[31muser 1/1:  3075617789 |stage 1| main - INFO - {'message': 'Ping 536'}
[0m[31muser 1/1:  3075617789 |stage 1| nicewebrl.stages - INFO - handle_key_press key: ArrowUp
[0m[31muser 1/1:  3075617789 |stage 1| nicewebrl.stages - INFO - 'Environment' saved file
[0m[31muser 1/1:  3075617789 |stage 1| nicewebrl.stages - INFO - ∆t: 0.979
[0m[31muser 1/1:  3075617789 |stage 1| nicewebrl.stages - INFO - stage state: {'nsteps': 2, 'nepisodes': 1, 'nsuccesses': 0}
[0m[31muser 1/1:  3075617789 |stage 1| nicewebrl.stages - INFO - env step: 2
[0m[31muser 1/1:  3075617789 |stage 1| nicewebrl.stages - INFO - finished saving
[0m[31muser 1/1:  3075617789 |stage 1| nicewebrl.stages - INFO - handle_key_press key: ArrowLeft
[0m[31muser 1/1:  3075617789 |stage 1| nicewebrl.stages - INFO - 'Environment' saved file
[0m[31muser 1/1:  3075617789 |stage 1| nicewebrl.stages - INFO - ∆t: 0.839
[0m[31muser 1/1:  3075617789 |stage 1| nicewebrl.stages - INFO - stage state: {'nsteps': 3, 'nepisodes': 1, 'nsuccesses': 0}
[0m[31muser 1/1:  3075617789 |stage 1| nicewebrl.stages - INFO - env step: 3
[0m[31muser 1/1:  3075617789 |stage 1| nicewebrl.stages - INFO - finished saving
[0m[31muser 1/1:  3075617789 |stage 1| nicewebrl.stages - INFO - handle_key_press key: ArrowLeft
[0m[31muser 1/1:  3075617789 |stage 1| nicewebrl.stages - INFO - 'Environment' saved file
[0m[31muser 1/1:  3075617789 |stage 1| nicewebrl.stages - INFO - ∆t: 0.213
[0m[31muser 1/1:  3075617789 |stage 1| nicewebrl.stages - INFO - stage state: {'nsteps': 4, 'nepisodes': 1, 'nsuccesses': 0}
[0m[31muser 1/1:  3075617789 |stage 1| nicewebrl.stages - INFO - env step: 4
[0m[31muser 1/1:  3075617789 |stage 1| nicewebrl.stages - INFO - finished saving
[0m[31muser 1/1:  3075617789 |stage 1| nicewebrl.stages - INFO - handle_key_press key: ArrowLeft
[0m[31muser 1/1:  3075617789 |stage 1| nicewebrl.stages - INFO - 'Environment' saved file
[0m[31muser 1/1:  3075617789 |stage 1| nicewebrl.stages - INFO - ∆t: 0.29
[0m[31muser 1/1:  3075617789 |stage 1| nicewebrl.stages - INFO - stage state: {'nsteps': 5, 'nepisodes': 1, 'nsuccesses': 0}
[0m[31muser 1/1:  3075617789 |stage 1| nicewebrl.stages - INFO - env step: 5
[0m[31muser 1/1:  3075617789 |stage 1| nicewebrl.stages - INFO - finished saving
[0m[31muser 1/1:  3075617789 |stage 1| nicewebrl.stages - INFO - handle_key_press key: ArrowLeft
[0m[31muser 1/1:  3075617789 |stage 1| nicewebrl.stages - INFO - 'Environment' saved file
[0m[31muser 1/1:  3075617789 |stage 1| nicewebrl.stages - INFO - ∆t: 0.188
[0m[31muser 1/1:  3075617789 |stage 1| nicewebrl.stages - INFO - stage state: {'nsteps': 6, 'nepisodes': 1, 'nsuccesses': 0}
[0m[31muser 1/1:  3075617789 |stage 1| nicewebrl.stages - INFO - env step: 6
[0m[31muser 1/1:  3075617789 |stage 1| nicewebrl.stages - INFO - finished saving
[0m[31muser 1/1:  3075617789 |stage 1| nicewebrl.stages - INFO - handle_key_press key: ArrowUp
[0m[31muser 1/1:  3075617789 |stage 1| nicewebrl.stages - INFO - 'Environment' saved file
[0m[31muser 1/1:  3075617789 |stage 1| nicewebrl.stages - INFO - ∆t: 0.264
[0m[31muser 1/1:  3075617789 |stage 1| nicewebrl.stages - INFO - stage state: {'nsteps': 7, 'nepisodes': 1, 'nsuccesses': 0}
[0m[31muser 1/1:  3075617789 |stage 1| nicewebrl.stages - INFO - env step: 7
[0m[31muser 1/1:  3075617789 |stage 1| nicewebrl.stages - INFO - finished saving
[0m[31muser 1/1:  3075617789 |stage 1| nicewebrl.stages - INFO - handle_key_press key: ArrowUp
[0m[31muser 1/1:  3075617789 |stage 1| nicewebrl.stages - INFO - 'Environment' saved file
[0m[31muser 1/1:  3075617789 |stage 1| nicewebrl.stages - INFO - ∆t: 0.199
[0m[31muser 1/1:  3075617789 |stage 1| nicewebrl.stages - INFO - stage state: {'nsteps': 8, 'nepisodes': 1, 'nsuccesses': 0}
[0m[31muser 1/1:  3075617789 |stage 1| nicewebrl.stages - INFO - env step: 8
[0m[31muser 1/1:  3075617789 |stage 1| nicewebrl.stages - INFO - finished saving
[0m[31muser 1/1:  3075617789 |stage 1| nicewebrl.stages - INFO - handle_key_press key: ArrowDown
[0m[31muser 1/1:  3075617789 |stage 1| nicewebrl.stages - INFO - 'Environment' saved file
[0m[31muser 1/1:  3075617789 |stage 1| nicewebrl.stages - INFO - ∆t: 0.603
[0m[31muser 1/1:  3075617789 |stage 1| nicewebrl.stages - INFO - stage state: {'nsteps': 9, 'nepisodes': 1, 'nsuccesses': 0}
[0m[31muser 1/1:  3075617789 |stage 1| nicewebrl.stages - INFO - env step: 9
[0m[31muser 1/1:  3075617789 |stage 1| nicewebrl.stages - INFO - finished saving
[0m[31muser 1/1:  3075617789 |stage 1| nicewebrl.stages - INFO - handle_key_press key: ArrowRight
[0m[31muser 1/1:  3075617789 |stage 1| nicewebrl.stages - INFO - 'Environment' saved file
[0m[31muser 1/1:  3075617789 |stage 1| nicewebrl.stages - INFO - ∆t: 0.29
[0m[31muser 1/1:  3075617789 |stage 1| nicewebrl.stages - INFO - stage state: {'nsteps': 10, 'nepisodes': 1, 'nsuccesses': 0}
[0m[31muser 1/1:  3075617789 |stage 1| nicewebrl.stages - INFO - env step: 10
[0m[31muser 1/1:  3075617789 |stage 1| nicewebrl.stages - INFO - finished saving
[0m[31muser 1/1:  3075617789 |stage 1| nicewebrl.stages - INFO - handle_key_press key: ArrowRight
[0m[31muser 1/1:  3075617789 |stage 1| nicewebrl.stages - INFO - 'Environment' saved file
[0m[31muser 1/1:  3075617789 |stage 1| nicewebrl.stages - INFO - ∆t: 0.237
[0m[31muser 1/1:  3075617789 |stage 1| nicewebrl.stages - INFO - stage state: {'nsteps': 11, 'nepisodes': 1, 'nsuccesses': 0}
[0m[31muser 1/1:  3075617789 |stage 1| nicewebrl.stages - INFO - env step: 11
[0m[31muser 1/1:  3075617789 |stage 1| nicewebrl.stages - INFO - finished saving
[0m[31muser 1/1:  3075617789 |stage 1| nicewebrl.stages - INFO - handle_key_press key:  
[0m[31muser 1/1:  3075617789 |stage 1| nicewebrl.stages - INFO - 'Environment' saved file
[0m[31muser 1/1:  3075617789 |stage 1| nicewebrl.stages - INFO - ∆t: 0.218
[0m[31muser 1/1:  3075617789 |stage 1| nicewebrl.stages - INFO - stage state: {'nsteps': 12, 'nepisodes': 1, 'nsuccesses': 0}
[0m[31muser 1/1:  3075617789 |stage 1| nicewebrl.stages - INFO - env step: 12
[0m[31muser 1/1:  3075617789 |stage 1| nicewebrl.stages - INFO - finished saving
[0m[31muser 1/1:  3075617789 |stage 1| nicewebrl.stages - INFO - handle_key_press key: ArrowRight
[0m[31muser 1/1:  3075617789 |stage 1| nicewebrl.stages - INFO - 'Environment' saved file
[0m[31muser 1/1:  3075617789 |stage 1| nicewebrl.stages - INFO - ∆t: 0.286
[0m[31muser 1/1:  3075617789 |stage 1| nicewebrl.stages - INFO - stage state: {'nsteps': 13, 'nepisodes': 1, 'nsuccesses': 0}
[0m[31muser 1/1:  3075617789 |stage 1| nicewebrl.stages - INFO - env step: 13
[0m[31muser 1/1:  3075617789 |stage 1| nicewebrl.stages - INFO - finished saving
[0m[31muser 1/1:  3075617789 |stage 1| nicewebrl.stages - INFO - handle_key_press key: ArrowUp
[0m[31muser 1/1:  3075617789 |stage 1| nicewebrl.stages - INFO - 'Environment' saved file
[0m[31muser 1/1:  3075617789 |stage 1| nicewebrl.stages - INFO - ∆t: 0.216
[0m[31muser 1/1:  3075617789 |stage 1| nicewebrl.stages - INFO - stage state: {'nsteps': 14, 'nepisodes': 1, 'nsuccesses': 0}
[0m[31muser 1/1:  3075617789 |stage 1| nicewebrl.stages - INFO - env step: 14
[0m[31muser 1/1:  3075617789 |stage 1| nicewebrl.stages - INFO - finished saving
[0m[31muser 1/1:  3075617789 |stage 1| nicewebrl.stages - INFO - handle_key_press key: ArrowUp
[0m[31muser 1/1:  3075617789 |stage 1| nicewebrl.stages - INFO - 'Environment' saved file
[0m[31muser 1/1:  3075617789 |stage 1| nicewebrl.stages - INFO - ∆t: 0.196
[0m[31muser 1/1:  3075617789 |stage 1| nicewebrl.stages - INFO - stage state: {'nsteps': 15, 'nepisodes': 1, 'nsuccesses': 0}
[0m[31muser 1/1:  3075617789 |stage 1| nicewebrl.stages - INFO - env step: 15
[0m[31muser 1/1:  3075617789 |stage 1| nicewebrl.stages - INFO - finished saving
[0m[31muser 1/1:  3075617789 |stage 1| nicewebrl.stages - INFO - handle_key_press key: ArrowUp
[0m[31muser 1/1:  3075617789 |stage 1| nicewebrl.stages - INFO - 'Environment' saved file
[0m[31muser 1/1:  3075617789 |stage 1| nicewebrl.stages - INFO - ∆t: 0.18
[0m[31muser 1/1:  3075617789 |stage 1| nicewebrl.stages - INFO - stage state: {'nsteps': 16, 'nepisodes': 1, 'nsuccesses': 0}
[0m[31muser 1/1:  3075617789 |stage 1| nicewebrl.stages - INFO - env step: 16
[0m[31muser 1/1:  3075617789 |stage 1| nicewebrl.stages - INFO - finished saving
[0m[31muser 1/1:  3075617789 |stage 1| nicewebrl.stages - INFO - handle_key_press key: ArrowUp
[0m[31muser 1/1:  3075617789 |stage 1| nicewebrl.stages - INFO - 'Environment' saved file
[0m[31muser 1/1:  3075617789 |stage 1| nicewebrl.stages - INFO - ∆t: 0.161
[0m[31muser 1/1:  3075617789 |stage 1| nicewebrl.stages - INFO - stage state: {'nsteps': 17, 'nepisodes': 1, 'nsuccesses': 0}
[0m[31muser 1/1:  3075617789 |stage 1| nicewebrl.stages - INFO - env step: 17
[0m[31muser 1/1:  3075617789 |stage 1| nicewebrl.stages - INFO - finished saving
[0m[31muser 1/1:  3075617789 |stage 1| nicewebrl.stages - INFO - handle_key_press key: ArrowUp
[0m[31muser 1/1:  3075617789 |stage 1| nicewebrl.stages - INFO - 'Environment' saved file
[0m[31muser 1/1:  3075617789 |stage 1| nicewebrl.stages - INFO - ∆t: 0.267
[0m[31muser 1/1:  3075617789 |stage 1| nicewebrl.stages - INFO - stage state: {'nsteps': 18, 'nepisodes': 1, 'nsuccesses': 0}
[0m[31muser 1/1:  3075617789 |stage 1| nicewebrl.stages - INFO - env step: 18
[0m[31muser 1/1:  3075617789 |stage 1| nicewebrl.stages - INFO - finished saving
[0m[31muser 1/1:  3075617789 |stage 1| nicewebrl.stages - INFO - handle_key_press key: ArrowRight
[0m[31muser 1/1:  3075617789 |stage 1| nicewebrl.stages - INFO - 'Environment' saved file
[0m[31muser 1/1:  3075617789 |stage 1| nicewebrl.stages - INFO - ∆t: 0.285
[0m[31muser 1/1:  3075617789 |stage 1| nicewebrl.stages - INFO - stage state: {'nsteps': 19, 'nepisodes': 1, 'nsuccesses': 0}
[0m[31muser 1/1:  3075617789 |stage 1| nicewebrl.stages - INFO - env step: 19
[0m[31muser 1/1:  3075617789 |stage 1| nicewebrl.stages - INFO - finished saving
[0m[31muser 1/1:  3075617789 |stage 1| nicewebrl.stages - INFO - handle_key_press key: ArrowRight
[0m[31muser 1/1:  3075617789 |stage 1| nicewebrl.stages - INFO - 'Environment' saved file
[0m[31muser 1/1:  3075617789 |stage 1| nicewebrl.stages - INFO - ∆t: 0.233
[0m[31muser 1/1:  3075617789 |stage 1| nicewebrl.stages - INFO - stage state: {'nsteps': 20, 'nepisodes': 1, 'nsuccesses': 0}
[0m[31muser 1/1:  3075617789 |stage 1| nicewebrl.stages - INFO - env step: 20
[0m[31muser 1/1:  3075617789 |stage 1| nicewebrl.stages - INFO - finished saving
[0m[31muser 1/1:  3075617789 |stage 1| nicewebrl.stages - INFO - handle_key_press key: ArrowDown
[0m[31muser 1/1:  3075617789 |stage 1| nicewebrl.stages - INFO - 'Environment' saved file
[0m[31muser 1/1:  3075617789 |stage 1| nicewebrl.stages - INFO - ∆t: 0.221
[0m[31muser 1/1:  3075617789 |stage 1| nicewebrl.stages - INFO - stage state: {'nsteps': 21, 'nepisodes': 1, 'nsuccesses': 0}
[0m[31muser 1/1:  3075617789 |stage 1| nicewebrl.stages - INFO - env step: 21
[0m[31muser 1/1:  3075617789 |stage 1| nicewebrl.stages - INFO - finished saving
[0m[31muser 1/1:  3075617789 |stage 1| nicewebrl.stages - INFO - handle_key_press key: ArrowLeft
[0m[31muser 1/1:  3075617789 |stage 1| nicewebrl.stages - INFO - 'Environment' saved file
[0m[31muser 1/1:  3075617789 |stage 1| nicewebrl.stages - INFO - ∆t: 0.273
[0m[31muser 1/1:  3075617789 |stage 1| nicewebrl.stages - INFO - stage state: {'nsteps': 22, 'nepisodes': 1, 'nsuccesses': 0}
[0m[31muser 1/1:  3075617789 |stage 1| nicewebrl.stages - INFO - env step: 22
[0m[31muser 1/1:  3075617789 |stage 1| nicewebrl.stages - INFO - finished saving
[0m[31muser 1/1:  3075617789 |stage 1| nicewebrl.stages - INFO - handle_key_press key: ArrowLeft
[0m[31muser 1/1:  3075617789 |stage 1| nicewebrl.stages - INFO - 'Environment' saved file
[0m[31muser 1/1:  3075617789 |stage 1| nicewebrl.stages - INFO - ∆t: 0.192
[0m[31muser 1/1:  3075617789 |stage 1| nicewebrl.stages - INFO - stage state: {'nsteps': 23, 'nepisodes': 1, 'nsuccesses': 0}
[0m[31muser 1/1:  3075617789 |stage 1| nicewebrl.stages - INFO - env step: 23
[0m[31muser 1/1:  3075617789 |stage 1| nicewebrl.stages - INFO - finished saving
[0m[31muser 1/1:  3075617789 |stage 1| nicewebrl.stages - INFO - handle_key_press key: ArrowDown
[0m[31muser 1/1:  3075617789 |stage 1| nicewebrl.stages - INFO - 'Environment' saved file
[0m[31muser 1/1:  3075617789 |stage 1| nicewebrl.stages - INFO - ∆t: 0.214
[0m[31muser 1/1:  3075617789 |stage 1| nicewebrl.stages - INFO - stage state: {'nsteps': 24, 'nepisodes': 1, 'nsuccesses': 0}
[0m[31muser 1/1:  3075617789 |stage 1| nicewebrl.stages - INFO - env step: 24
[0m[31muser 1/1:  3075617789 |stage 1| nicewebrl.stages - INFO - finished saving
[0m[31muser 1/1:  3075617789 |stage 1| nicewebrl.stages - INFO - handle_key_press key: ArrowDown
[0m[31muser 1/1:  3075617789 |stage 1| nicewebrl.stages - INFO - 'Environment' saved file
[0m[31muser 1/1:  3075617789 |stage 1| nicewebrl.stages - INFO - ∆t: 0.184
[0m[31muser 1/1:  3075617789 |stage 1| nicewebrl.stages - INFO - stage state: {'nsteps': 25, 'nepisodes': 1, 'nsuccesses': 0}
[0m[31muser 1/1:  3075617789 |stage 1| nicewebrl.stages - INFO - env step: 25
[0m[31muser 1/1:  3075617789 |stage 1| nicewebrl.stages - INFO - finished saving
[0m[31muser 1/1:  3075617789 |stage 1| nicewebrl.stages - INFO - handle_key_press key: ArrowDown
[0m[31muser 1/1:  3075617789 |stage 1| nicewebrl.stages - INFO - 'Environment' saved file
[0m[31muser 1/1:  3075617789 |stage 1| nicewebrl.stages - INFO - ∆t: 0.13
[0m[31muser 1/1:  3075617789 |stage 1| nicewebrl.stages - INFO - stage state: {'nsteps': 26, 'nepisodes': 1, 'nsuccesses': 0}
[0m[31muser 1/1:  3075617789 |stage 1| nicewebrl.stages - INFO - env step: 26
[0m[31muser 1/1:  3075617789 |stage 1| nicewebrl.stages - INFO - finished saving
[0m